============================= test session starts ==============================
platform linux -- Python 3.12.3, pytest-8.3.4, pluggy-1.5.0 -- /usr/bin/python
cachedir: .pytest_cache
rootdir: /home/runner/work/vscode-mypy/vscode-mypy
collecting ... collected 55 items

src/test/python_tests/test_change_cwd.py::test_change_cwd_happy_path PASSED [  1%]
src/test/python_tests/test_change_cwd.py::test_change_cwd_permission_error_does_not_crash PASSED [  3%]
src/test/python_tests/test_change_cwd.py::test_change_cwd_oserror_does_not_crash PASSED [  5%]
src/test/python_tests/test_diagnostic_regex.py::test_diagnostic_regex_with_type_var_error PASSED [  7%]
src/test/python_tests/test_diagnostic_regex.py::test_diagnostic_regex_with_trailing_space PASSED [  9%]
src/test/python_tests/test_diagnostic_regex.py::test_diagnostic_regex_with_trailing_tab PASSED [ 10%]
src/test/python_tests/test_diagnostic_regex.py::test_diagnostic_regex_with_multiple_trailing_spaces PASSED [ 12%]
src/test/python_tests/test_diagnostic_regex.py::test_diagnostic_regex_without_error_code PASSED [ 14%]
src/test/python_tests/test_diagnostic_regex.py::test_diagnostic_regex_with_name_defined_error PASSED [ 16%]
src/test/python_tests/test_diagnostic_regex.py::test_diagnostic_regex_with_note_type PASSED [ 18%]
src/test/python_tests/test_diagnostic_regex.py::test_diagnostic_regex_without_column PASSED [ 20%]
src/test/python_tests/test_extra_paths.py::test_extra_paths PASSED       [ 21%]
src/test/python_tests/test_get_cwd.py::test_no_cwd_no_document_returns_workspace PASSED [ 23%]
src/test/python_tests/test_get_cwd.py::test_plain_cwd_no_document_returned_unchanged PASSED [ 25%]
src/test/python_tests/test_get_cwd.py::test_file_variable_no_document_falls_back_to_workspace PASSED [ 27%]
src/test/python_tests/test_get_cwd.py::test_relative_file_variable_no_document_falls_back_to_workspace PASSED [ 29%]
src/test/python_tests/test_get_cwd.py::test_file_resolved PASSED         [ 30%]
src/test/python_tests/test_get_cwd.py::test_file_basename_resolved PASSED [ 32%]
src/test/python_tests/test_get_cwd.py::test_file_basename_no_extension_resolved PASSED [ 34%]
src/test/python_tests/test_get_cwd.py::test_file_extname_resolved PASSED [ 36%]
src/test/python_tests/test_get_cwd.py::test_file_dirname_resolved PASSED [ 38%]
src/test/python_tests/test_get_cwd.py::test_file_dirname_basename_resolved PASSED [ 40%]
src/test/python_tests/test_get_cwd.py::test_relative_file_resolved PASSED [ 41%]
src/test/python_tests/test_get_cwd.py::test_relative_file_dirname_resolved PASSED [ 43%]
src/test/python_tests/test_get_cwd.py::test_file_workspace_folder_resolved PASSED [ 45%]
src/test/python_tests/test_get_cwd.py::test_composite_pattern_resolved PASSED [ 47%]
src/test/python_tests/test_get_cwd.py::test_multiple_variables_in_one_cwd PASSED [ 49%]
src/test/python_tests/test_get_cwd.py::test_no_variable_in_cwd_unchanged PASSED [ 50%]
src/test/python_tests/test_get_cwd.py::test_document_with_no_path_falls_back_to_workspace PASSED [ 52%]
src/test/python_tests/test_get_cwd.py::test_nearest_config_no_document_falls_back_to_workspace PASSED [ 54%]
src/test/python_tests/test_get_cwd.py::test_nearest_config_finds_config_file PASSED [ 56%]
src/test/python_tests/test_get_cwd.py::test_nearest_config_falls_back_when_no_config_found PASSED [ 58%]
src/test/python_tests/test_linting.py::test_publish_diagnostics_on_open PASSED [ 60%]
src/test/python_tests/test_linting.py::test_publish_diagnostics_on_save PASSED [ 61%]
src/test/python_tests/test_linting.py::test_publish_diagnostics_on_close PASSED [ 63%]
src/test/python_tests/test_linting.py::test_severity_setting[name-defined] PASSED [ 65%]
src/test/python_tests/test_linting.py::test_workspace_reporting_scope PASSED [ 67%]
src/test/python_tests/test_linting.py::test_custom_reporting_scope PASSED [ 69%]
src/test/python_tests/test_linting.py::test_file_with_no_errors_generates_empty_diagnostics PASSED [ 70%]
src/test/python_tests/test_linting.py::test_file_with_no_errors_generates_empty_diagnostics_workspace_mode PASSED [ 72%]
src/test/python_tests/test_linting.py::test_ignore_patterns_match[patterns0] PASSED [ 74%]
src/test/python_tests/test_linting.py::test_ignore_patterns_match[patterns1] PASSED [ 76%]
src/test/python_tests/test_linting.py::test_ignore_patterns_match[patterns2] PASSED [ 78%]
src/test/python_tests/test_linting.py::test_ignore_patterns_match[patterns3] PASSED [ 80%]
src/test/python_tests/test_linting.py::test_ignore_patterns_no_match[patterns0] PASSED [ 81%]
src/test/python_tests/test_linting.py::test_ignore_patterns_no_match[patterns1] PASSED [ 83%]
src/test/python_tests/test_linting.py::test_ignore_patterns_no_match[patterns2] PASSED [ 85%]
src/test/python_tests/test_linting.py::test_diagnostics_missing_column PASSED [ 87%]
src/test/python_tests/test_non_daemon.py::test_daemon_non_daemon_equivalence_for_file_with_errors PASSED [ 89%]
src/test/python_tests/test_path_specialization.py::test_path PASSED      [ 90%]
src/test/python_tests/test_path_specialization.py::test_interpreter PASSED [ 92%]
src/test/python_tests/test_symlink.py::test_is_same_path_with_symlink PASSED [ 94%]
src/test/python_tests/test_symlink.py::test_is_same_path_different_files PASSED [ 96%]
src/test/python_tests/test_symlink.py::test_is_same_path_same_file PASSED [ 98%]
src/test/python_tests/test_symlink.py::test_symlink_file_diagnostics PASSED [100%]

============================= 55 passed in 27.24s ==============================
